<?xml version="1.0" encoding="UTF-8"?>
<!-- Generated by org.testng.reporters.JUnitReportReporter -->
<testsuite hostname="VISHAL-PATEL" failures="0" tests="3" name="qa.testcases.LoginPageTest" time="50.981" errors="0" timestamp="08 Jul 2023 19:46:14 GMT" skipped="0">
  <testcase classname="qa.testcases.LoginPageTest" name="loginPageTitleTest" time="13.478"/>
  <testcase classname="qa.testcases.LoginPageTest" name="amazonLogoImageTest" time="13.664"/>
  <testcase classname="qa.testcases.LoginPageTest" name="loginTest" time="23.839"/>
</testsuite> <!-- qa.testcases.LoginPageTest -->
