<?xml version="1.0" encoding="UTF-8"?>
<!-- Generated by org.testng.reporters.JUnitReportReporter -->
<testsuite hostname="VISHAL-PATEL" failures="0" tests="2" name="qa.testcases.TodaysDealsPageTest" time="45.377" errors="0" timestamp="13 Jul 2023 23:24:29 GMT" skipped="0">
  <testcase classname="qa.testcases.TodaysDealsPageTest" name="categoryCheckTest" time="20.574"/>
  <testcase classname="qa.testcases.TodaysDealsPageTest" name="checkBoxTest" time="24.803"/>
</testsuite> <!-- qa.testcases.TodaysDealsPageTest -->
