<?xml version="1.0" encoding="UTF-8"?>
<!-- Generated by org.testng.reporters.JUnitReportReporter -->
<testsuite hostname="VISHAL-PATEL" failures="0" tests="2" name="qa.testcases.HomePageTest" time="37.313" errors="0" timestamp="27 Jul 2023 01:30:37 GMT" skipped="0">
  <testcase classname="qa.testcases.HomePageTest" name="CustomerNameTest" time="20.260"/>
  <testcase classname="qa.testcases.HomePageTest" name="MenuTest" time="17.053"/>
</testsuite> <!-- qa.testcases.HomePageTest -->
