<?xml version="1.0" encoding="UTF-8"?>
<!-- Generated by org.testng.reporters.JUnitReportReporter -->
<testsuite hostname="VISHAL-PATEL" failures="0" tests="3" name="qa.testcases.LoginPageTest" time="60.205" errors="0" timestamp="27 Jul 2023 01:18:32 GMT" skipped="0">
  <testcase classname="qa.testcases.LoginPageTest" name="loginPageTitleTest" time="17.024"/>
  <testcase classname="qa.testcases.LoginPageTest" name="amazonLogoImageTest" time="15.858"/>
  <testcase classname="qa.testcases.LoginPageTest" name="loginTest" time="27.323"/>
</testsuite> <!-- qa.testcases.LoginPageTest -->
