<?xml version="1.0" encoding="UTF-8"?>
<!-- Generated by org.testng.reporters.JUnitReportReporter -->
<testsuite hostname="VISHAL-PATEL" failures="0" tests="2" name="qa.testcases.HomePageTest" time="35.536" errors="0" timestamp="08 Jul 2023 19:46:14 GMT" skipped="0">
  <testcase classname="qa.testcases.HomePageTest" name="CustomerNameTest" time="17.373"/>
  <testcase classname="qa.testcases.HomePageTest" name="MenuTest" time="18.163"/>
</testsuite> <!-- qa.testcases.HomePageTest -->
