<?xml version="1.0" encoding="UTF-8"?>
<!-- Generated by org.testng.reporters.JUnitReportReporter -->
<testsuite hostname="VISHAL-PATEL" failures="0" tests="2" name="qa.testcases.TodaysDealsPageTest" time="47.445" errors="0" timestamp="27 Jul 2023 01:33:35 GMT" skipped="0">
  <testcase classname="qa.testcases.TodaysDealsPageTest" name="categoryCheckTest" time="23.223"/>
  <testcase classname="qa.testcases.TodaysDealsPageTest" name="checkBoxTest" time="24.222"/>
</testsuite> <!-- qa.testcases.TodaysDealsPageTest -->
