<?xml version="1.0" encoding="UTF-8"?>
<!-- Generated by org.testng.reporters.JUnitReportReporter -->
<testsuite hostname="VISHAL-PATEL" failures="0" tests="2" name="qa.testcases.LoginPageTest" time="25.471" errors="0" timestamp="09 Jul 2023 04:11:21 GMT" skipped="0">
  <testcase classname="qa.testcases.LoginPageTest" name="loginPageTitleTest" time="11.841"/>
  <testcase classname="qa.testcases.LoginPageTest" name="amazonLogoImageTest" time="13.630"/>
</testsuite> <!-- qa.testcases.LoginPageTest -->
