<?xml version="1.0" encoding="UTF-8"?>
<!-- Generated by org.testng.reporters.JUnitReportReporter -->
<testsuite hostname="VISHAL-PATEL" failures="0" tests="1" name="qa.testcases.TodaysDealsPageTest" time="26.313" errors="0" timestamp="09 Jul 2023 04:11:21 GMT" skipped="0">
  <testcase classname="qa.testcases.TodaysDealsPageTest" name="categoryCheckTest" time="26.313"/>
</testsuite> <!-- qa.testcases.TodaysDealsPageTest -->
