<?xml version="1.0" encoding="UTF-8"?>
<!-- Generated by org.testng.reporters.JUnitReportReporter -->
<testsuite hostname="VISHAL-PATEL" failures="0" tests="2" name="qa.testcases.LoginPageTest" time="30.939" errors="0" timestamp="14 Jul 2023 21:03:47 GMT" skipped="0">
  <testcase classname="qa.testcases.LoginPageTest" name="loginPageTitleTest" time="14.595"/>
  <testcase classname="qa.testcases.LoginPageTest" name="amazonLogoImageTest" time="16.344"/>
</testsuite> <!-- qa.testcases.LoginPageTest -->
