<?xml version="1.0" encoding="UTF-8"?>
<!-- Generated by org.testng.reporters.JUnitReportReporter -->
<testsuite hostname="VISHAL-PATEL" failures="0" tests="2" name="qa.testcases.LoginPageTest" time="24.568" errors="0" timestamp="12 Jul 2023 02:20:10 GMT" skipped="0">
  <testcase classname="qa.testcases.LoginPageTest" name="loginPageTitleTest" time="12.431"/>
  <testcase classname="qa.testcases.LoginPageTest" name="amazonLogoImageTest" time="12.137"/>
</testsuite> <!-- qa.testcases.LoginPageTest -->
